{
  "RSpec": {
    "coverage": {
      "/Users/judson/Projects/plan_it_change/plan_it_change/spec/controllers/users_controller_spec.rb": [
        1,
        null,
        0,
        null,
        null
      ],
      "/Users/judson/Projects/plan_it_change/plan_it_change/spec/rails_helper.rb": [
        1,
        1,
        1,
        0,
        null,
        0,
        0,
        0,
        0,
        null,
        null,
        null,
        0,
        null,
        0,
        null,
        0,
        null,
        null,
        null,
        null,
        0,
        null,
        null,
        null,
        null,
        null,
        null,
        null,
        null,
        null,
        null,
        null,
        null,
        null,
        null,
        0,
        null,
        null,
        0,
        null,
        null,
        null,
        0,
        0,
        0,
        null,
        null,
        0,
        0,
        0,
        null,
        null,
        null
      ],
      "/Users/judson/Projects/plan_it_change/plan_it_change/spec/models/user_spec.rb": [
        1,
        null,
        0,
        0,
        0,
        0,
        0,
        0,
        0,
        0,
        null,
        null,
        0,
        0,
        null,
        null
      ]
    },
    "timestamp": 1542249763
  }
}
